<?xml version="1.0" encoding="UTF-8"?>
<!-- Generated by org.testng.reporters.JUnitReportReporter -->
<testsuite skipped="0" hostname="SLDT077" name="test.AmazonFlipkartTestCase" tests="1" failures="0" timestamp="2020-01-10T23:41:28 IST" time="52.085" errors="0">
  <testcase name="testHomePageAppearCorrect" time="52.085" classname="test.AmazonFlipkartTestCase"/>
  <system-out/>
</testsuite> <!-- test.AmazonFlipkartTestCase -->
