<?xml version="1.0" encoding="UTF-8"?>
<!-- Generated by org.testng.reporters.JUnitReportReporter -->
<testsuite skipped="0" hostname="SLDT077" name="test.AmazonFlipkartTestCase" tests="1" failures="0" timestamp="10 Jan 2020 17:44:12 GMT" time="31.803" errors="0">
  <testcase name="testHomePageAppearCorrect" time="31.803" classname="test.AmazonFlipkartTestCase"/>
</testsuite> <!-- test.AmazonFlipkartTestCase -->
