<?xml version="1.0" encoding="UTF-8"?>
<!-- Generated by org.testng.reporters.JUnitReportReporter -->
<testsuite skipped="0" hostname="SLDT077" name="test.AmazonFlipkartTestCase1" tests="2" failures="0" timestamp="10 Jan 2020 14:16:37 GMT" time="34.732" errors="2">
  <testcase name="testHomePageAppearCorrect" time="34.732" classname="test.AmazonFlipkartTestCase1">
    <error type="org.yaml.snakeyaml.error.YAMLException" message="java.io.IOException: Stream closed">
      <![CDATA[org.yaml.snakeyaml.error.YAMLException: java.io.IOException: Stream closed
at org.yaml.snakeyaml.reader.StreamReader.update(StreamReader.java:218)
at org.yaml.snakeyaml.reader.StreamReader.ensureEnoughData(StreamReader.java:176)
at org.yaml.snakeyaml.reader.StreamReader.ensureEnoughData(StreamReader.java:171)
at org.yaml.snakeyaml.reader.StreamReader.peek(StreamReader.java:126)
at org.yaml.snakeyaml.scanner.ScannerImpl.scanToNextToken(ScannerImpl.java:1177)
at org.yaml.snakeyaml.scanner.ScannerImpl.fetchMoreTokens(ScannerImpl.java:287)
at org.yaml.snakeyaml.scanner.ScannerImpl.checkToken(ScannerImpl.java:227)
at org.yaml.snakeyaml.parser.ParserImpl$ParseImplicitDocumentStart.produce(ParserImpl.java:195)
at org.yaml.snakeyaml.parser.ParserImpl.peekEvent(ParserImpl.java:158)
at org.yaml.snakeyaml.parser.ParserImpl.checkEvent(ParserImpl.java:148)
at org.yaml.snakeyaml.composer.Composer.getSingleNode(Composer.java:107)
at org.yaml.snakeyaml.constructor.BaseConstructor.getSingleData(BaseConstructor.java:139)
at org.yaml.snakeyaml.Yaml.loadFromReader(Yaml.java:524)
at org.yaml.snakeyaml.Yaml.load(Yaml.java:452)
at test.AmazonFlipkartTestCase1.testHomePageAppearCorrect(AmazonFlipkartTestCase1.java:162)
at sun.reflect.NativeMethodAccessorImpl.invoke0(Native Method)
at sun.reflect.NativeMethodAccessorImpl.invoke(NativeMethodAccessorImpl.java:62)
at sun.reflect.DelegatingMethodAccessorImpl.invoke(DelegatingMethodAccessorImpl.java:43)
at java.lang.reflect.Method.invoke(Method.java:498)
at org.testng.internal.MethodInvocationHelper.invokeMethod(MethodInvocationHelper.java:124)
at org.testng.internal.Invoker.invokeMethod(Invoker.java:583)
at org.testng.internal.Invoker.invokeTestMethod(Invoker.java:719)
at org.testng.internal.Invoker.invokeTestMethods(Invoker.java:989)
at org.testng.internal.TestMethodWorker.invokeTestMethods(TestMethodWorker.java:125)
at org.testng.internal.TestMethodWorker.run(TestMethodWorker.java:109)
at org.testng.TestRunner.privateRun(TestRunner.java:648)
at org.testng.TestRunner.run(TestRunner.java:505)
at org.testng.SuiteRunner.runTest(SuiteRunner.java:455)
at org.testng.SuiteRunner.runSequentially(SuiteRunner.java:450)
at org.testng.SuiteRunner.privateRun(SuiteRunner.java:415)
at org.testng.SuiteRunner.run(SuiteRunner.java:364)
at org.testng.SuiteRunnerWorker.runSuite(SuiteRunnerWorker.java:52)
at org.testng.SuiteRunnerWorker.run(SuiteRunnerWorker.java:84)
at org.testng.TestNG.runSuitesSequentially(TestNG.java:1208)
at org.testng.TestNG.runSuitesLocally(TestNG.java:1137)
at org.testng.TestNG.runSuites(TestNG.java:1049)
at org.testng.TestNG.run(TestNG.java:1017)
at org.testng.remote.AbstractRemoteTestNG.run(AbstractRemoteTestNG.java:114)
at org.testng.remote.RemoteTestNG.initAndRun(RemoteTestNG.java:251)
at org.testng.remote.RemoteTestNG.main(RemoteTestNG.java:77)
Caused by: java.io.IOException: Stream closed
at java.io.PushbackInputStream.ensureOpen(PushbackInputStream.java:74)
at java.io.PushbackInputStream.read(PushbackInputStream.java:166)
at org.yaml.snakeyaml.reader.UnicodeReader.init(UnicodeReader.java:92)
at org.yaml.snakeyaml.reader.UnicodeReader.read(UnicodeReader.java:124)
at org.yaml.snakeyaml.reader.StreamReader.update(StreamReader.java:183)
... 39 more
]]>
    </error>
  </testcase> <!-- testHomePageAppearCorrect -->
  <testcase name="afterTestMethod" time="0.000" classname="test.AmazonFlipkartTestCase1">
    <error type="java.lang.NullPointerException">
      <![CDATA[java.lang.NullPointerException
at test.AmazonFlipkartTestCase1.afterTestMethod(AmazonFlipkartTestCase1.java:193)
at sun.reflect.NativeMethodAccessorImpl.invoke0(Native Method)
at sun.reflect.NativeMethodAccessorImpl.invoke(NativeMethodAccessorImpl.java:62)
at sun.reflect.DelegatingMethodAccessorImpl.invoke(DelegatingMethodAccessorImpl.java:43)
at java.lang.reflect.Method.invoke(Method.java:498)
at org.testng.internal.MethodInvocationHelper.invokeMethod(MethodInvocationHelper.java:124)
at org.testng.internal.MethodInvocationHelper.invokeMethodConsideringTimeout(MethodInvocationHelper.java:59)
at org.testng.internal.Invoker.invokeConfigurationMethod(Invoker.java:458)
at org.testng.internal.Invoker.invokeConfigurations(Invoker.java:222)
at org.testng.internal.Invoker.invokeConfigurations(Invoker.java:142)
at org.testng.TestRunner.afterRun(TestRunner.java:725)
at org.testng.TestRunner.run(TestRunner.java:509)
at org.testng.SuiteRunner.runTest(SuiteRunner.java:455)
at org.testng.SuiteRunner.runSequentially(SuiteRunner.java:450)
at org.testng.SuiteRunner.privateRun(SuiteRunner.java:415)
at org.testng.SuiteRunner.run(SuiteRunner.java:364)
at org.testng.SuiteRunnerWorker.runSuite(SuiteRunnerWorker.java:52)
at org.testng.SuiteRunnerWorker.run(SuiteRunnerWorker.java:84)
at org.testng.TestNG.runSuitesSequentially(TestNG.java:1208)
at org.testng.TestNG.runSuitesLocally(TestNG.java:1137)
at org.testng.TestNG.runSuites(TestNG.java:1049)
at org.testng.TestNG.run(TestNG.java:1017)
at org.testng.remote.AbstractRemoteTestNG.run(AbstractRemoteTestNG.java:114)
at org.testng.remote.RemoteTestNG.initAndRun(RemoteTestNG.java:251)
at org.testng.remote.RemoteTestNG.main(RemoteTestNG.java:77)
]]>
    </error>
  </testcase> <!-- afterTestMethod -->
</testsuite> <!-- test.AmazonFlipkartTestCase1 -->
