<?xml version="1.0" encoding="UTF-8"?>
<!-- Generated by org.testng.reporters.JUnitReportReporter -->
<testsuite skipped="0" hostname="SLDT077" name="info.com.LoadTest01" tests="1" failures="0" timestamp="02 Jan 2020 14:20:14 GMT" time="34.713" errors="0">
  <testcase name="verifySearchButton" time="34.713" classname="info.com.LoadTest01"/>
</testsuite> <!-- info.com.LoadTest01 -->
